Using pre-set license
Built from '2020.2/release' branch; Version is '2020.2.2f1 (068178b99f32) revision 426360'; Using compiler version '192528614'; Build Type 'Release'
OS: 'Windows 10 Home; OS build 19042.1586; Version 2009; 64bit' Language: 'en' Physical Memory: 16321 MB
BatchMode: 1, IsHumanControllingUs: 0, StartBugReporterOnCrash: 0, Is64bit: 1, IsPro: 0

 COMMAND LINE ARGUMENTS:
C:\Program Files\Unity\Hub\Editor\2020.2.2f1\Editor\Unity.exe
-adb2
-batchMode
-noUpm
-name
AssetImportWorker0
-projectPath
C:/Users/madhu/OneDrive/Desktop/Megafile/Pythonprograms/Unity/3DGameOfLife
-logFile
Logs/AssetImportWorker0.log
-srvPort
50360
Successfully changed project path to: C:/Users/madhu/OneDrive/Desktop/Megafile/Pythonprograms/Unity/3DGameOfLife
C:/Users/madhu/OneDrive/Desktop/Megafile/Pythonprograms/Unity/3DGameOfLife
Using Asset Import Pipeline V2.
Refreshing native plugins compatible for Editor in 30.99 ms, found 0 plugins.
Preloading 0 native plugins for Editor in 0.00 ms.
Initialize engine version: 2020.2.2f1 (068178b99f32)
[Subsystems] Discovering subsystems at path C:/Program Files/Unity/Hub/Editor/2020.2.2f1/Editor/Data/Resources/UnitySubsystems
[Subsystems] Discovering subsystems at path C:/Users/madhu/OneDrive/Desktop/Megafile/Pythonprograms/Unity/3DGameOfLife/Assets
GfxDevice: creating device client; threaded=0
Direct3D:
    Version:  Direct3D 11.0 [level 11.1]
    Renderer: Radeon RX 560 (ID=0x67ef)
    Vendor:   
    VRAM:     4075 MB
    Driver:   27.20.11026.26001
Initialize mono
Mono path[0] = 'C:/Program Files/Unity/Hub/Editor/2020.2.2f1/Editor/Data/Managed'
Mono path[1] = 'C:/Program Files/Unity/Hub/Editor/2020.2.2f1/Editor/Data/MonoBleedingEdge/lib/mono/unityjit'
Mono config path = 'C:/Program Files/Unity/Hub/Editor/2020.2.2f1/Editor/Data/MonoBleedingEdge/etc'
Using monoOptions --debugger-agent=transport=dt_socket,embedding=1,server=y,suspend=n,address=127.0.0.1:56524
Begin MonoManager ReloadAssembly
Registering precompiled unity dll's ...
Register platform support module: C:/Program Files/Unity/Hub/Editor/2020.2.2f1/Editor/Data/PlaybackEngines/WindowsStandaloneSupport/UnityEditor.WindowsStandalone.Extensions.dll
Registered in 0.003093 seconds.
Native extension for WindowsStandalone target not found
Refreshing native plugins compatible for Editor in 30.68 ms, found 0 plugins.
Preloading 0 native plugins for Editor in 0.00 ms.
Invoked RoslynAnalysisRunner static constructor.
RoslynAnalysisRunner will not be running.
RoslynAnalysisRunner has terminated.
Mono: successfully reloaded assembly
- Completed reload, in  1.605 seconds
Platform modules already initialized, skipping
Registering precompiled user dll's ...
Registered in 0.001159 seconds.
Begin MonoManager ReloadAssembly
Native extension for WindowsStandalone target not found
Refreshing native plugins compatible for Editor in 0.29 ms, found 0 plugins.
Preloading 0 native plugins for Editor in 0.00 ms.
Invoked RoslynAnalysisRunner static constructor.
RoslynAnalysisRunner will not be running.
RoslynAnalysisRunner has terminated.
Mono: successfully reloaded assembly
- Completed reload, in  1.054 seconds
Platform modules already initialized, skipping
========================================================================
Worker process is ready to serve import requests
Launched and connected shader compiler UnityShaderCompiler.exe after 0.25 seconds
Refreshing native plugins compatible for Editor in 0.27 ms, found 0 plugins.
Preloading 0 native plugins for Editor in 0.00 ms.
Unloading 1101 Unused Serialized files (Serialized files now loaded: 0)
System memory in use before: 57.1 MB.
System memory in use after: 57.1 MB.

Unloading 10 unused Assets to reduce memory usage. Loaded Objects now: 1542.
Total: 2.080900 ms (FindLiveObjects: 0.184200 ms CreateObjectMapping: 0.041800 ms MarkObjects: 1.755200 ms  DeleteObjects: 0.098300 ms)

========================================================================
Received Import Request.
  path: Assets/scripts/VoxelCube.cs
  artifactKey: Guid(dae5b38318de8c74ea0433c0d5ca523e) Importer(815301076,1909f56bfc062723c751e8b465ee728b)
Start importing Assets/scripts/VoxelCube.cs using Guid(dae5b38318de8c74ea0433c0d5ca523e) Importer(815301076,1909f56bfc062723c751e8b465ee728b)  -> (artifact id: '6f8652d85b2bd1df9f4b66ca86e18960') in 0.034813 seconds
  Import took 0.037191 seconds .

========================================================================
Received Import Request.
  Time since last request: 13.296239 seconds.
  path: Assets/scripts/VoxelCube.cs
  artifactKey: Guid(dae5b38318de8c74ea0433c0d5ca523e) Importer(815301076,1909f56bfc062723c751e8b465ee728b)
Start importing Assets/scripts/VoxelCube.cs using Guid(dae5b38318de8c74ea0433c0d5ca523e) Importer(815301076,1909f56bfc062723c751e8b465ee728b)  -> (artifact id: '1ee74e66be5c129ec21ad3deed1ede42') in 0.004756 seconds
  Import took 0.007263 seconds .

AssetImportWorkerClient::OnTransportError - code=2 error=End of file
